<?xml version="1.0" encoding="UTF-8"?>
<!-- Generated by org.testng.reporters.JUnitXMLReporter -->
<testsuite ignored="4" hostname="DESKTOP-QS1C4DG" failures="0" tests="5" name="Test" time="0.12" errors="0" timestamp="2023-11-29T18:11:13 PST">
  <testcase classname="com.Testngfeatures.GroupingTest" name="afterClass" time="0.013"/>
  <testcase classname="com.Testngfeatures.GroupingTest" name="afterMethod" time="0.002"/>
  <testcase classname="com.Testngfeatures.GroupingTest" name="afterSuite" time="0.004"/>
  <testcase classname="com.Testngfeatures.GroupingTest" name="afterTest" time="0.002"/>
  <testcase classname="com.Testngfeatures.GroupingTest" name="f" time="0.002"/>
  <testcase classname="com.Testngfeatures.GroupingTest" name="beforeSuite" time="0.0">
    <ignored/>
  </testcase> <!-- beforeSuite -->
  <testcase classname="com.Testngfeatures.GroupingTest" name="beforeMethod" time="0.0">
    <ignored/>
  </testcase> <!-- beforeMethod -->
  <testcase classname="com.Testngfeatures.GroupingTest" name="beforeClass" time="0.0">
    <ignored/>
  </testcase> <!-- beforeClass -->
  <testcase classname="com.Testngfeatures.GroupingTest" name="beforeTest" time="0.0">
    <ignored/>
  </testcase> <!-- beforeTest -->
</testsuite> <!-- Test -->
